<?xml version="1.0" encoding="UTF-8"?>
<testsuite xmlns:xsi="http://www.w3.org/2001/XMLSchema-instance" xsi:noNamespaceSchemaLocation="https://maven.apache.org/surefire/maven-surefire-plugin/xsd/surefire-test-report-3.0.xsd" version="3.0" name="com.DINESH.ServiceFounder.ServiceFounderApplicationTests" time="9.817" tests="1" errors="0" skipped="0" failures="0">
  <properties>
[...]
</properties>
  <testcase name="contextLoads" classname="com.DINESH.ServiceFounder.ServiceFounderApplicationTests" time="2.151">
    <system-out><![CDATA[Standard Commons Logging discovery in action with spring-jcl: please remove commons-logging.jar from classpath in order to avoid potential conflicts
13:59:41,722 |-INFO in ch.qos.logback.classic.LoggerContext[default] - This is logback-classic version 1.5.6
13:59:41,727 |-INFO in ch.qos.logback.classic.util.ContextInitializer@3688eb5b - Here is a list of configurators discovered as a service, by rank: 
13:59:41,727 |-INFO in ch.qos.logback.classic.util.ContextInitializer@3688eb5b -   org.springframework.boot.logging.logback.RootLogLevelConfigurator
13:59:41,727 |-INFO in ch.qos.logback.classic.util.ContextInitializer@3688eb5b - They will be invoked in order until ExecutionStatus.DO_NOT_INVOKE_NEXT_IF_ANY is returned.
13:59:41,727 |-INFO in ch.qos.logback.classic.util.ContextInitializer@3688eb5b - Constructed configurator of type class org.springframework.boot.logging.logback.RootLogLevelConfigurator
13:59:41,750 |-INFO in ch.qos.logback.classic.util.ContextInitializer@3688eb5b - org.springframework.boot.logging.logback.RootLogLevelConfigurator.configure() call lasted 1 milliseconds. ExecutionStatus=INVOKE_NEXT_IF_ANY
13:59:41,750 |-INFO in ch.qos.logback.classic.util.ContextInitializer@3688eb5b - Trying to configure with ch.qos.logback.classic.joran.SerializedModelConfigurator
13:59:41,753 |-INFO in ch.qos.logback.classic.util.ContextInitializer@3688eb5b - Constructed configurator of type class ch.qos.logback.classic.joran.SerializedModelConfigurator
13:59:41,756 |-INFO in ch.qos.logback.classic.LoggerContext[default] - Could NOT find resource [logback-test.scmo]
13:59:41,756 |-INFO in ch.qos.logback.classic.LoggerContext[default] - Could NOT find resource [logback.scmo]
13:59:41,756 |-INFO in ch.qos.logback.classic.util.ContextInitializer@3688eb5b - ch.qos.logback.classic.joran.SerializedModelConfigurator.configure() call lasted 3 milliseconds. ExecutionStatus=INVOKE_NEXT_IF_ANY
13:59:41,756 |-INFO in ch.qos.logback.classic.util.ContextInitializer@3688eb5b - Trying to configure with ch.qos.logback.classic.util.DefaultJoranConfigurator
13:59:41,757 |-INFO in ch.qos.logback.classic.util.ContextInitializer@3688eb5b - Constructed configurator of type class ch.qos.logback.classic.util.DefaultJoranConfigurator
13:59:41,757 |-INFO in ch.qos.logback.classic.LoggerContext[default] - Could NOT find resource [logback-test.xml]
13:59:41,761 |-INFO in ch.qos.logback.classic.LoggerContext[default] - Found resource [logback.xml] at [file:/C:/Users/intern2/Documents/DINESH-DEMO-WORKSHOP/Devlopment/MICROSERVICE/Service-Founder/target/classes/logback.xml]
13:59:41,992 |-WARN in ch.qos.logback.core.model.processor.IncludeModelHandler - Could not find resource corresponding to [org/springframework/boot/logging/logback/default.xml]
13:59:41,994 |-INFO in ch.qos.logback.core.joran.util.ConfigurationWatchListUtil@69f1a286 - Adding [jar:file:/C:/Users/intern2/.m2/repository/org/springframework/boot/spring-boot/3.3.2/spring-boot-3.3.2.jar!/org/springframework/boot/logging/logback/console-appender.xml] to configuration watch list.
13:59:41,994 |-INFO in ch.qos.logback.core.joran.spi.ConfigurationWatchList@7922d892 - URL [jar:file:/C:/Users/intern2/.m2/repository/org/springframework/boot/spring-boot/3.3.2/spring-boot-3.3.2.jar!/org/springframework/boot/logging/logback/console-appender.xml] is not of type file
13:59:41,999 |-INFO in ch.qos.logback.core.model.processor.AppenderModelHandler - Processing appender named [CONSOLE]
13:59:41,999 |-INFO in ch.qos.logback.core.model.processor.AppenderModelHandler - About to instantiate appender of type [ch.qos.logback.core.ConsoleAppender]
13:59:42,017 |-INFO in ch.qos.logback.core.model.processor.ImplicitModelHandler - Assuming default type [ch.qos.logback.classic.encoder.PatternLayoutEncoder] for [encoder] property
13:59:42,067 |-INFO in ch.qos.logback.core.model.processor.AppenderModelHandler - Processing appender named [FILE]
13:59:42,067 |-INFO in ch.qos.logback.core.model.processor.AppenderModelHandler - About to instantiate appender of type [ch.qos.logback.core.rolling.RollingFileAppender]
13:59:42,073 |-INFO in ch.qos.logback.core.model.processor.ImplicitModelHandler - Assuming default type [ch.qos.logback.classic.encoder.PatternLayoutEncoder] for [encoder] property
13:59:42,078 |-WARN in ch.qos.logback.core.model.processor.ImplicitModelHandler - Ignoring unknown property [minInde] in [ch.qos.logback.core.rolling.FixedWindowRollingPolicy]
13:59:42,086 |-INFO in ch.qos.logback.core.rolling.FixedWindowRollingPolicy@457c9034 - No compression will be used
13:59:42,086 |-WARN in ch.qos.logback.core.rolling.FixedWindowRollingPolicy@457c9034 - Large window sizes are not allowed.
13:59:42,089 |-WARN in ch.qos.logback.core.rolling.FixedWindowRollingPolicy@457c9034 - MaxIndex reduced to 21
13:59:42,095 |-INFO in ch.qos.logback.core.rolling.RollingFileAppender[FILE] - Active log file name: APPLICATIONLOGGES/LOGFILE.log
13:59:42,095 |-INFO in ch.qos.logback.core.rolling.RollingFileAppender[FILE] - File property is set to [APPLICATIONLOGGES/LOGFILE.log]
13:59:42,097 |-INFO in ch.qos.logback.classic.model.processor.RootLoggerModelHandler - Setting level of ROOT logger to INFO
13:59:42,097 |-INFO in ch.qos.logback.core.model.processor.AppenderRefModelHandler - Attaching appender named [CONSOLE] to Logger[ROOT]
13:59:42,098 |-INFO in ch.qos.logback.core.model.processor.AppenderRefModelHandler - Attaching appender named [FILE] to Logger[ROOT]
13:59:42,099 |-INFO in ch.qos.logback.classic.model.processor.LoggerModelHandler - Setting level of logger [com.DINESH.ServiceFounder] to DEBUG
13:59:42,099 |-INFO in ch.qos.logback.core.model.processor.DefaultProcessor@345f69f3 - End of configuration.
13:59:42,100 |-INFO in ch.qos.logback.classic.joran.JoranConfigurator@50de186c - Registering current configuration as safe fallback point
13:59:42,100 |-INFO in ch.qos.logback.classic.util.ContextInitializer@3688eb5b - ch.qos.logback.classic.util.DefaultJoranConfigurator.configure() call lasted 343 milliseconds. ExecutionStatus=DO_NOT_INVOKE_NEXT_IF_ANY

2024-09-09 13:59:42.304 INFO  main o.s.t.c.s.AnnotationConfigContextLoaderUtils : Could not detect default configuration classes for test class [com.DINESH.ServiceFounder.ServiceFounderApplicationTests]: ServiceFounderApplicationTests does not declare any static, non-private, non-final, nested classes annotated with @Configuration.
2024-09-09 13:59:42.614 INFO  main o.s.b.t.c.SpringBootTestContextBootstrapper : Found @SpringBootConfiguration com.DINESH.ServiceFounder.ServiceFounderApplication for test class com.DINESH.ServiceFounder.ServiceFounderApplicationTests
13:59:43,245 |-WARN in ch.qos.logback.core.model.processor.IncludeModelHandler - Could not find resource corresponding to [org/springframework/boot/logging/logback/default.xml]
13:59:43,245 |-INFO in ch.qos.logback.core.joran.util.ConfigurationWatchListUtil@69f1a286 - Adding [jar:file:/C:/Users/intern2/.m2/repository/org/springframework/boot/spring-boot/3.3.2/spring-boot-3.3.2.jar!/org/springframework/boot/logging/logback/console-appender.xml] to configuration watch list.
13:59:43,245 |-INFO in ch.qos.logback.core.joran.spi.ConfigurationWatchList@14bae047 - URL [jar:file:/C:/Users/intern2/.m2/repository/org/springframework/boot/spring-boot/3.3.2/spring-boot-3.3.2.jar!/org/springframework/boot/logging/logback/console-appender.xml] is not of type file
13:59:43,249 |-INFO in ch.qos.logback.core.model.processor.AppenderModelHandler - Processing appender named [CONSOLE]
13:59:43,249 |-INFO in ch.qos.logback.core.model.processor.AppenderModelHandler - About to instantiate appender of type [ch.qos.logback.core.ConsoleAppender]
13:59:43,250 |-INFO in ch.qos.logback.core.model.processor.ImplicitModelHandler - Assuming default type [ch.qos.logback.classic.encoder.PatternLayoutEncoder] for [encoder] property
13:59:43,251 |-INFO in ch.qos.logback.core.model.processor.AppenderModelHandler - Processing appender named [FILE]
13:59:43,251 |-INFO in ch.qos.logback.core.model.processor.AppenderModelHandler - About to instantiate appender of type [ch.qos.logback.core.rolling.RollingFileAppender]
13:59:43,251 |-INFO in ch.qos.logback.core.model.processor.ImplicitModelHandler - Assuming default type [ch.qos.logback.classic.encoder.PatternLayoutEncoder] for [encoder] property
13:59:43,252 |-WARN in ch.qos.logback.core.model.processor.ImplicitModelHandler - Ignoring unknown property [minInde] in [ch.qos.logback.core.rolling.FixedWindowRollingPolicy]
13:59:43,253 |-INFO in ch.qos.logback.core.rolling.FixedWindowRollingPolicy@7ed9ae94 - No compression will be used
13:59:43,253 |-WARN in ch.qos.logback.core.rolling.FixedWindowRollingPolicy@7ed9ae94 - Large window sizes are not allowed.
13:59:43,253 |-WARN in ch.qos.logback.core.rolling.FixedWindowRollingPolicy@7ed9ae94 - MaxIndex reduced to 21
13:59:43,254 |-INFO in ch.qos.logback.core.rolling.RollingFileAppender[FILE] - Active log file name: APPLICATIONLOGGES/LOGFILE.log
13:59:43,254 |-INFO in ch.qos.logback.core.rolling.RollingFileAppender[FILE] - File property is set to [APPLICATIONLOGGES/LOGFILE.log]
13:59:43,254 |-INFO in ch.qos.logback.classic.model.processor.RootLoggerModelHandler - Setting level of ROOT logger to INFO
13:59:43,255 |-INFO in ch.qos.logback.classic.jul.LevelChangePropagator@66908383 - Propagating INFO level on Logger[ROOT] onto the JUL framework
13:59:43,255 |-INFO in ch.qos.logback.core.model.processor.AppenderRefModelHandler - Attaching appender named [CONSOLE] to Logger[ROOT]
13:59:43,255 |-INFO in ch.qos.logback.core.model.processor.AppenderRefModelHandler - Attaching appender named [FILE] to Logger[ROOT]
13:59:43,255 |-INFO in ch.qos.logback.classic.model.processor.LoggerModelHandler - Setting level of logger [com.DINESH.ServiceFounder] to DEBUG
13:59:43,255 |-INFO in ch.qos.logback.classic.jul.LevelChangePropagator@66908383 - Propagating DEBUG level on Logger[com.DINESH.ServiceFounder] onto the JUL framework
13:59:43,256 |-INFO in ch.qos.logback.core.model.processor.DefaultProcessor@41477a6d - End of configuration.
13:59:43,256 |-INFO in org.springframework.boot.logging.logback.SpringBootJoranConfigurator@2bc12da - Registering current configuration as safe fallback point


  .   ____          _            __ _ _
 /\\ / ___'_ __ _ _(_)_ __  __ _ \ \ \ \
( ( )\___ | '_ | '_| | '_ \/ _` | \ \ \ \
 \\/  ___)| |_)| | | | | || (_| |  ) ) ) )
  '  |____| .__|_| |_|_| |_\__, | / / / /
 =========|_|==============|___/=/_/_/_/

 :: Spring Boot ::                (v3.3.2)

2024-09-09 13:59:43.477 INFO  main c.D.S.ServiceFounderApplicationTests : Starting ServiceFounderApplicationTests using Java 22.0.1 with PID 9468 (started by intern2 in C:\Users\intern2\Documents\DINESH-DEMO-WORKSHOP\Devlopment\MICROSERVICE\Service-Founder)
2024-09-09 13:59:43.479 DEBUG main c.D.S.ServiceFounderApplicationTests : Running with Spring Boot v3.3.2, Spring v6.1.11
2024-09-09 13:59:43.481 INFO  main c.D.S.ServiceFounderApplicationTests : No active profile set, falling back to 1 default profile: "default"
2024-09-09 13:59:45.691 INFO  main o.s.cloud.context.scope.GenericScope : BeanFactory id=c9b3432e-e52a-34ae-8e74-964b8c20f79d
2024-09-09 13:59:45.850 WARN  main o.s.c.s.PostProcessorRegistrationDelegate$BeanPostProcessorChecker : Bean 'org.springframework.cloud.client.loadbalancer.LoadBalancerAutoConfiguration$DeferringLoadBalancerInterceptorConfig' of type [org.springframework.cloud.client.loadbalancer.LoadBalancerAutoConfiguration$DeferringLoadBalancerInterceptorConfig] is not eligible for getting processed by all BeanPostProcessors (for example: not eligible for auto-proxying). The currently created BeanPostProcessor [lbRestClientPostProcessor] is declared through a non-static factory method on that class; consider declaring it as static instead.
2024-09-09 13:59:45.854 WARN  main o.s.c.s.PostProcessorRegistrationDelegate$BeanPostProcessorChecker : Bean 'deferringLoadBalancerInterceptor' of type [org.springframework.cloud.client.loadbalancer.DeferringLoadBalancerInterceptor] is not eligible for getting processed by all BeanPostProcessors (for example: not eligible for auto-proxying). Is this bean getting eagerly injected into a currently created BeanPostProcessor [lbRestClientPostProcessor]? Check the corresponding BeanPostProcessor declaration and its dependencies.
2024-09-09 13:59:47.901 WARN  main o.s.c.l.c.LoadBalancerCacheAutoConfiguration$LoadBalancerCaffeineWarnLogger : Spring Cloud LoadBalancer is currently working with the default cache. While this cache implementation is useful for development and tests, it's recommended to use Caffeine cache in production.You can switch to using Caffeine cache, by adding it and org.springframework.cache.caffeine.CaffeineCacheManager to the classpath.
2024-09-09 13:59:48.312 INFO  main o.s.c.n.eureka.InstanceInfoFactory : Setting initial instance status as: STARTING
2024-09-09 13:59:48.352 INFO  main c.netflix.discovery.DiscoveryClient : Initializing Eureka in region us-east-1
2024-09-09 13:59:48.355 INFO  main c.netflix.discovery.DiscoveryClient : Client configured to neither register nor query for data.
2024-09-09 13:59:48.358 INFO  main c.netflix.discovery.DiscoveryClient : Discovery Client initialized at timestamp 1725870588357 with initial instances count: 0
2024-09-09 13:59:48.436 INFO  main c.n.e.DefaultEurekaServerContext : Initializing ...
2024-09-09 13:59:48.440 WARN  main c.n.eureka.cluster.PeerEurekaNodes : The replica size seems to be empty. Check the route 53 DNS Registry
2024-09-09 13:59:48.458 INFO  main c.n.e.r.AbstractInstanceRegistry : Finished initializing remote region registries. All known remote regions: []
2024-09-09 13:59:48.459 INFO  main c.n.e.DefaultEurekaServerContext : Initialized
2024-09-09 13:59:48.691 INFO  main o.s.b.a.e.web.EndpointLinksResolver : Exposing 17 endpoints beneath base path '/actuator'
2024-09-09 13:59:48.811 INFO  main o.s.c.n.e.s.EurekaServiceRegistry : Registering application SERVICE-FOUNDER with eureka with status UP
2024-09-09 13:59:48.837 INFO  Thread-10 o.s.c.n.e.s.EurekaServerBootstrap : isAws returned false
2024-09-09 13:59:48.839 INFO  Thread-10 o.s.c.n.e.s.EurekaServerBootstrap : Initialized server context
2024-09-09 13:59:48.839 INFO  Thread-10 c.n.e.r.PeerAwareInstanceRegistryImpl : Got 1 instances from neighboring DS node
2024-09-09 13:59:48.839 INFO  Thread-10 c.n.e.r.PeerAwareInstanceRegistryImpl : Renew threshold is: 1
2024-09-09 13:59:48.840 INFO  Thread-10 c.n.e.r.PeerAwareInstanceRegistryImpl : Changing status to UP
2024-09-09 13:59:48.844 INFO  Thread-10 o.s.c.n.e.s.EurekaServerInitializerConfiguration : Started Eureka Server
2024-09-09 13:59:48.862 INFO  main c.D.S.ServiceFounderApplicationTests : Started ServiceFounderApplicationTests in 5.919 seconds (process running for 8.585)
2024-09-09 13:59:50.132 ERROR Async-4 c.D.S.components.JobScheduler : https://clientauthenticator.onrender.com/sayhello : 404 NOT_FOUND
2024-09-09 13:59:50.133 ERROR Async-12 c.D.S.components.JobScheduler : https://companymanagement-pasw.onrender.com/sayhello : 404 NOT_FOUND
2024-09-09 13:59:50.133 ERROR Async-10 c.D.S.components.JobScheduler : https://stockmanagement-khjd.onrender.com/sayhello : 404 NOT_FOUND
2024-09-09 13:59:50.136 ERROR Async-5 c.D.S.components.JobScheduler : https://filehandler.onrender.com/sayhello : 404 NOT_FOUND
2024-09-09 13:59:50.139 ERROR Async-9 c.D.S.components.JobScheduler : https://itemmanagement-9wo1.onrender.com/sayhello : 404 NOT_FOUND
2024-09-09 13:59:50.142 ERROR Async-3 c.D.S.components.JobScheduler : https://usermanagement-jbpy.onrender.com/sayhello : 404 NOT_FOUND
2024-09-09 13:59:50.147 ERROR Async-11 c.D.S.components.JobScheduler : https://commonmanagement.onrender.com/sayhello : 404 NOT_FOUND
2024-09-09 13:59:50.154 ERROR Async-6 c.D.S.components.JobScheduler : https://serviceconnector.onrender.com/sayhello : 404 NOT_FOUND
2024-09-09 13:59:50.161 ERROR Async-7 c.D.S.components.JobScheduler : https://cdnservice.onrender.com/sayhello : 404 NOT_FOUND
2024-09-09 13:59:50.726 ERROR Async-1 c.D.S.components.JobScheduler : https://serviceconnector.onrender.com/sayhello : 404 NOT_FOUND
2024-09-09 13:59:50.730 ERROR Async-8 c.D.S.components.JobScheduler : https://servicemaintainer.onrender.com/sayhello : 404 NOT_FOUND
]]></system-out>
    <system-err><![CDATA[WARNING: A Java agent has been loaded dynamically (C:\Users\intern2\.m2\repository\net\bytebuddy\byte-buddy-agent\1.14.18\byte-buddy-agent-1.14.18.jar)
WARNING: If a serviceability tool is in use, please run with -XX:+EnableDynamicAgentLoading to hide this warning
WARNING: If a serviceability tool is not in use, please run with -Djdk.instrument.traceUsage for more information
WARNING: Dynamic loading of agents will be disallowed by default in a future release
]]></system-err>
  </testcase>
</testsuite>